<?xml version="1.0" encoding="UTF-8"?>
<!-- Generated by org.testng.reporters.JUnitReportReporter -->
<testsuite hostname="DESKTOP-VSA6J3H" failures="0" tests="1" name="tc_Repository.Test02" time="18.294" errors="0" timestamp="2024-09-01T09:45:53 IST" skipped="0">
  <testcase classname="tc_Repository.Test02" name="t2" time="18.294"/>
  <system-out/>
</testsuite> <!-- tc_Repository.Test02 -->
